{
  "RSpec": {
    "coverage": {
      "/Users/carol/makers_projects/week-11/bank-test-ruby/spec/units/account_spec.rb": [
        1,
        null,
        1,
        10,
        null,
        1,
        1,
        null,
        null,
        1,
        1,
        1,
        1,
        null,
        null,
        1,
        2,
        null,
        null,
        1,
        2,
        null,
        null,
        null,
        1,
        1,
        1,
        1,
        1,
        null,
        null,
        1,
        2,
        null,
        null,
        1,
        2,
        null,
        null,
        null,
        1,
        1,
        1,
        1,
        null,
        null,
        null,
        1,
        1,
        1,
        1,
        1,
        1,
        1,
        null,
        null,
        null
      ],
      "/Users/carol/makers_projects/week-11/bank-test-ruby/lib/account.rb": [
        1,
        1,
        1,
        1,
        null,
        1,
        1,
        null,
        1,
        9,
        9,
        null,
        null,
        1,
        1,
        null,
        null,
        1,
        7,
        5,
        5,
        5,
        null,
        null,
        1,
        4,
        2,
        2,
        2,
        null,
        null,
        1,
        7,
        7,
        null,
        null,
        1,
        1,
        null,
        null,
        null
      ],
      "/Users/carol/makers_projects/week-11/bank-test-ruby/lib/transaction_history.rb": [
        1,
        1,
        null,
        1,
        10,
        null,
        null,
        1,
        null,
        1,
        8,
        null,
        null,
        1,
        1,
        null,
        null,
        1,
        null,
        3,
        1,
        null,
        null
      ],
      "/Users/carol/makers_projects/week-11/bank-test-ruby/lib/transaction.rb": [
        1,
        1,
        1,
        8,
        8,
        8,
        8,
        null,
        null
      ],
      "/Users/carol/makers_projects/week-11/bank-test-ruby/lib/statement.rb": [
        1,
        1,
        null,
        1,
        2,
        null,
        null,
        1,
        2,
        6,
        null,
        null,
        null
      ],
      "/Users/carol/makers_projects/week-11/bank-test-ruby/spec/units/statement_spec.rb": [
        1,
        null,
        1,
        1,
        1,
        1,
        1,
        null,
        null,
        null
      ],
      "/Users/carol/makers_projects/week-11/bank-test-ruby/spec/units/transaction_history_spec.rb": [
        1,
        null,
        1,
        2,
        2,
        null,
        2,
        null,
        1,
        1,
        null,
        null,
        1,
        1,
        null,
        null
      ],
      "/Users/carol/makers_projects/week-11/bank-test-ruby/spec/units/transaction_spec.rb": [
        1,
        null,
        1,
        2,
        null,
        1,
        1,
        1,
        1,
        1,
        1,
        null,
        null,
        null
      ]
    },
    "timestamp": 1552502481
  }
}
